{"D:\\Workspace\\byb-test\\src\\controllers\\downloadController.ts": {"path":"D:\\Workspace\\byb-test\\src\\controllers\\downloadController.ts","statementMap":{"0":{"start":{"line":2,"column":0},"end":{"line":2,"column":56}},"1":{"start":{"line":3,"column":0},"end":{"line":3,"column":54}},"2":{"start":{"line":4,"column":0},"end":{"line":4,"column":31}},"3":{"start":{"line":11,"column":4},"end":{"line":36,"column":5}},"4":{"start":{"line":12,"column":34},"end":{"line":12,"column":42}},"5":{"start":{"line":15,"column":6},"end":{"line":18,"column":7}},"6":{"start":{"line":16,"column":8},"end":{"line":16,"column":71}},"7":{"start":{"line":17,"column":8},"end":{"line":17,"column":15}},"8":{"start":{"line":21,"column":20},"end":{"line":21,"column":77}},"9":{"start":{"line":23,"column":6},"end":{"line":26,"column":7}},"10":{"start":{"line":24,"column":8},"end":{"line":24,"column":77}},"11":{"start":{"line":25,"column":8},"end":{"line":25,"column":15}},"12":{"start":{"line":29,"column":26},"end":{"line":29,"column":60}},"13":{"start":{"line":32,"column":6},"end":{"line":32,"column":44}},"14":{"start":{"line":34,"column":6},"end":{"line":34,"column":63}},"15":{"start":{"line":35,"column":6},"end":{"line":35,"column":63}},"16":{"start":{"line":43,"column":4},"end":{"line":90,"column":5}},"17":{"start":{"line":44,"column":24},"end":{"line":44,"column":34}},"18":{"start":{"line":45,"column":24},"end":{"line":45,"column":30}},"19":{"start":{"line":48,"column":31},"end":{"line":48,"column":81}},"20":{"start":{"line":50,"column":6},"end":{"line":53,"column":7}},"21":{"start":{"line":51,"column":8},"end":{"line":51,"column":101}},"22":{"start":{"line":52,"column":8},"end":{"line":52,"column":15}},"23":{"start":{"line":56,"column":19},"end":{"line":56,"column":68}},"24":{"start":{"line":59,"column":23},"end":{"line":59,"column":88}},"25":{"start":{"line":61,"column":6},"end":{"line":64,"column":7}},"26":{"start":{"line":62,"column":8},"end":{"line":62,"column":58}},"27":{"start":{"line":63,"column":8},"end":{"line":63,"column":15}},"28":{"start":{"line":70,"column":6},"end":{"line":70,"column":55}},"29":{"start":{"line":71,"column":6},"end":{"line":74,"column":8}},"30":{"start":{"line":78,"column":6},"end":{"line":78,"column":85}},"31":{"start":{"line":88,"column":6},"end":{"line":88,"column":54}},"32":{"start":{"line":89,"column":6},"end":{"line":89,"column":63}},"33":{"start":{"line":6,"column":0},"end":{"line":6,"column":13}},"34":{"start":{"line":94,"column":13},"end":{"line":94,"column":59}}},"fnMap":{"0":{"name":"(anonymous_0)","decl":{"start":{"line":10,"column":9},"end":{"line":10,"column":14}},"loc":{"start":{"line":10,"column":64},"end":{"line":37,"column":3}}},"1":{"name":"(anonymous_1)","decl":{"start":{"line":42,"column":9},"end":{"line":42,"column":14}},"loc":{"start":{"line":42,"column":57},"end":{"line":91,"column":3}}}},"branchMap":{"0":{"loc":{"start":{"line":15,"column":6},"end":{"line":18,"column":7}},"type":"if","locations":[{"start":{"line":15,"column":6},"end":{"line":18,"column":7}}]},"1":{"loc":{"start":{"line":15,"column":10},"end":{"line":15,"column":29}},"type":"binary-expr","locations":[{"start":{"line":15,"column":10},"end":{"line":15,"column":18}},{"start":{"line":15,"column":22},"end":{"line":15,"column":29}}]},"2":{"loc":{"start":{"line":23,"column":6},"end":{"line":26,"column":7}},"type":"if","locations":[{"start":{"line":23,"column":6},"end":{"line":26,"column":7}}]},"3":{"loc":{"start":{"line":50,"column":6},"end":{"line":53,"column":7}},"type":"if","locations":[{"start":{"line":50,"column":6},"end":{"line":53,"column":7}}]},"4":{"loc":{"start":{"line":50,"column":10},"end":{"line":50,"column":64}},"type":"binary-expr","locations":[{"start":{"line":50,"column":10},"end":{"line":50,"column":35}},{"start":{"line":50,"column":39},"end":{"line":50,"column":64}}]},"5":{"loc":{"start":{"line":51,"column":38},"end":{"line":51,"column":97}},"type":"binary-expr","locations":[{"start":{"line":51,"column":38},"end":{"line":51,"column":67}},{"start":{"line":51,"column":71},"end":{"line":51,"column":97}}]},"6":{"loc":{"start":{"line":61,"column":6},"end":{"line":64,"column":7}},"type":"if","locations":[{"start":{"line":61,"column":6},"end":{"line":64,"column":7}}]}},"s":{"0":1,"1":1,"2":1,"3":3,"4":3,"5":3,"6":1,"7":1,"8":2,"9":2,"10":1,"11":1,"12":1,"13":1,"14":0,"15":0,"16":3,"17":3,"18":3,"19":3,"20":3,"21":1,"22":1,"23":2,"24":2,"25":2,"26":1,"27":1,"28":1,"29":1,"30":1,"31":1,"32":1,"33":1,"34":1},"f":{"0":3,"1":3},"b":{"0":[1],"1":[3,2],"2":[1],"3":[1],"4":[3,2],"5":[1,0],"6":[1]}}
,"D:\\Workspace\\byb-test\\src\\middlewares\\auth.ts": {"path":"D:\\Workspace\\byb-test\\src\\middlewares\\auth.ts","statementMap":{"0":{"start":{"line":18,"column":30},"end":{"line":47,"column":1}},"1":{"start":{"line":19,"column":22},"end":{"line":19,"column":49}},"2":{"start":{"line":21,"column":2},"end":{"line":46,"column":3}},"3":{"start":{"line":23,"column":23},"end":{"line":23,"column":48}},"4":{"start":{"line":25,"column":4},"end":{"line":28,"column":5}},"5":{"start":{"line":26,"column":6},"end":{"line":26,"column":65}},"6":{"start":{"line":27,"column":6},"end":{"line":27,"column":13}},"7":{"start":{"line":31,"column":18},"end":{"line":31,"column":42}},"8":{"start":{"line":37,"column":4},"end":{"line":40,"column":6}},"9":{"start":{"line":42,"column":4},"end":{"line":42,"column":11}},"10":{"start":{"line":44,"column":4},"end":{"line":44,"column":50}},"11":{"start":{"line":45,"column":4},"end":{"line":45,"column":61}},"12":{"start":{"line":18,"column":13},"end":{"line":18,"column":30}},"13":{"start":{"line":52,"column":41},"end":{"line":69,"column":1}},"14":{"start":{"line":53,"column":2},"end":{"line":68,"column":3}},"15":{"start":{"line":55,"column":22},"end":{"line":55,"column":28}},"16":{"start":{"line":58,"column":22},"end":{"line":58,"column":32}},"17":{"start":{"line":62,"column":4},"end":{"line":62,"column":103}},"18":{"start":{"line":64,"column":4},"end":{"line":64,"column":11}},"19":{"start":{"line":66,"column":4},"end":{"line":66,"column":66}},"20":{"start":{"line":67,"column":4},"end":{"line":67,"column":11}},"21":{"start":{"line":52,"column":13},"end":{"line":52,"column":41}}},"fnMap":{"0":{"name":"(anonymous_0)","decl":{"start":{"line":18,"column":30},"end":{"line":18,"column":31}},"loc":{"start":{"line":18,"column":88},"end":{"line":47,"column":1}}},"1":{"name":"(anonymous_1)","decl":{"start":{"line":52,"column":41},"end":{"line":52,"column":42}},"loc":{"start":{"line":52,"column":99},"end":{"line":69,"column":1}}}},"branchMap":{"0":{"loc":{"start":{"line":25,"column":4},"end":{"line":28,"column":5}},"type":"if","locations":[{"start":{"line":25,"column":4},"end":{"line":28,"column":5}}]},"1":{"loc":{"start":{"line":25,"column":8},"end":{"line":25,"column":56}},"type":"binary-expr","locations":[{"start":{"line":25,"column":8},"end":{"line":25,"column":19}},{"start":{"line":25,"column":23},"end":{"line":25,"column":56}}]}},"s":{"0":0,"1":0,"2":0,"3":0,"4":0,"5":0,"6":0,"7":0,"8":0,"9":0,"10":0,"11":0,"12":0,"13":0,"14":0,"15":0,"16":0,"17":0,"18":0,"19":0,"20":0,"21":0},"f":{"0":0,"1":0},"b":{"0":[0],"1":[0,0]}}
,"D:\\Workspace\\byb-test\\src\\models\\index.ts": {"path":"D:\\Workspace\\byb-test\\src\\models\\index.ts","statementMap":{"0":{"start":{"line":41,"column":12},"end":{"line":41,"column":49}},"1":{"start":{"line":42,"column":12},"end":{"line":42,"column":55}},"2":{"start":{"line":43,"column":12},"end":{"line":43,"column":51}},"3":{"start":{"line":44,"column":12},"end":{"line":44,"column":67}},"4":{"start":{"line":48,"column":6},"end":{"line":48,"column":40}},"5":{"start":{"line":53,"column":6},"end":{"line":53,"column":43}},"6":{"start":{"line":58,"column":6},"end":{"line":58,"column":41}},"7":{"start":{"line":62,"column":6},"end":{"line":66,"column":7}},"8":{"start":{"line":63,"column":8},"end":{"line":65,"column":9}},"9":{"start":{"line":64,"column":10},"end":{"line":64,"column":23}},"10":{"start":{"line":67,"column":6},"end":{"line":67,"column":18}},"11":{"start":{"line":72,"column":17},"end":{"line":72,"column":84}},"12":{"start":{"line":73,"column":35},"end":{"line":73,"column":55}},"13":{"start":{"line":74,"column":6},"end":{"line":74,"column":41}},"14":{"start":{"line":75,"column":6},"end":{"line":75,"column":19}},"15":{"start":{"line":79,"column":6},"end":{"line":79,"column":49}},"16":{"start":{"line":83,"column":20},"end":{"line":83,"column":47}},"17":{"start":{"line":84,"column":6},"end":{"line":84,"column":30}},"18":{"start":{"line":84,"column":18},"end":{"line":84,"column":30}},"19":{"start":{"line":86,"column":42},"end":{"line":91,"column":8}},"20":{"start":{"line":93,"column":6},"end":{"line":93,"column":48}},"21":{"start":{"line":94,"column":6},"end":{"line":94,"column":26}},"22":{"start":{"line":100,"column":6},"end":{"line":106,"column":9}},"23":{"start":{"line":109,"column":6},"end":{"line":115,"column":9}},"24":{"start":{"line":118,"column":6},"end":{"line":123,"column":9}},"25":{"start":{"line":40,"column":2},"end":{"line":40,"column":15}},"26":{"start":{"line":128,"column":15},"end":{"line":128,"column":39}},"27":{"start":{"line":129,"column":2},"end":{"line":129,"column":20}}},"fnMap":{"0":{"name":"(anonymous_0)","decl":{"start":{"line":40,"column":2},"end":{"line":40,"column":15}},"loc":{"start":{"line":40,"column":2},"end":{"line":125,"column":3}}},"1":{"name":"(anonymous_1)","decl":{"start":{"line":47,"column":11},"end":{"line":47,"column":16}},"loc":{"start":{"line":47,"column":40},"end":{"line":49,"column":5}}},"2":{"name":"(anonymous_2)","decl":{"start":{"line":52,"column":11},"end":{"line":52,"column":16}},"loc":{"start":{"line":52,"column":43},"end":{"line":54,"column":5}}},"3":{"name":"(anonymous_3)","decl":{"start":{"line":57,"column":11},"end":{"line":57,"column":16}},"loc":{"start":{"line":57,"column":41},"end":{"line":59,"column":5}}},"4":{"name":"(anonymous_4)","decl":{"start":{"line":61,"column":11},"end":{"line":61,"column":16}},"loc":{"start":{"line":61,"column":76},"end":{"line":68,"column":5}}},"5":{"name":"(anonymous_5)","decl":{"start":{"line":71,"column":11},"end":{"line":71,"column":16}},"loc":{"start":{"line":71,"column":73},"end":{"line":76,"column":5}}},"6":{"name":"(anonymous_6)","decl":{"start":{"line":78,"column":11},"end":{"line":78,"column":16}},"loc":{"start":{"line":78,"column":45},"end":{"line":80,"column":5}}},"7":{"name":"(anonymous_7)","decl":{"start":{"line":82,"column":11},"end":{"line":82,"column":16}},"loc":{"start":{"line":82,"column":63},"end":{"line":95,"column":5}}},"8":{"name":"(anonymous_8)","decl":{"start":{"line":98,"column":11},"end":{"line":98,"column":23}},"loc":{"start":{"line":98,"column":23},"end":{"line":124,"column":5}}}},"branchMap":{"0":{"loc":{"start":{"line":48,"column":13},"end":{"line":48,"column":39}},"type":"binary-expr","locations":[{"start":{"line":48,"column":13},"end":{"line":48,"column":31}},{"start":{"line":48,"column":35},"end":{"line":48,"column":39}}]},"1":{"loc":{"start":{"line":53,"column":13},"end":{"line":53,"column":42}},"type":"binary-expr","locations":[{"start":{"line":53,"column":13},"end":{"line":53,"column":34}},{"start":{"line":53,"column":38},"end":{"line":53,"column":42}}]},"2":{"loc":{"start":{"line":58,"column":13},"end":{"line":58,"column":40}},"type":"binary-expr","locations":[{"start":{"line":58,"column":13},"end":{"line":58,"column":32}},{"start":{"line":58,"column":36},"end":{"line":58,"column":40}}]},"3":{"loc":{"start":{"line":63,"column":8},"end":{"line":65,"column":9}},"type":"if","locations":[{"start":{"line":63,"column":8},"end":{"line":65,"column":9}}]},"4":{"loc":{"start":{"line":63,"column":12},"end":{"line":63,"column":73}},"type":"binary-expr","locations":[{"start":{"line":63,"column":12},"end":{"line":63,"column":40}},{"start":{"line":63,"column":44},"end":{"line":63,"column":73}}]},"5":{"loc":{"start":{"line":79,"column":13},"end":{"line":79,"column":48}},"type":"binary-expr","locations":[{"start":{"line":79,"column":13},"end":{"line":79,"column":40}},{"start":{"line":79,"column":44},"end":{"line":79,"column":48}}]},"6":{"loc":{"start":{"line":84,"column":6},"end":{"line":84,"column":30}},"type":"if","locations":[{"start":{"line":84,"column":6},"end":{"line":84,"column":30}}]}},"s":{"0":0,"1":0,"2":0,"3":0,"4":0,"5":0,"6":0,"7":0,"8":0,"9":0,"10":0,"11":0,"12":0,"13":0,"14":0,"15":0,"16":0,"17":0,"18":0,"19":0,"20":0,"21":0,"22":0,"23":0,"24":0,"25":0,"26":0,"27":0},"f":{"0":0,"1":0,"2":0,"3":0,"4":0,"5":0,"6":0,"7":0,"8":0},"b":{"0":[0,0],"1":[0,0],"2":[0,0],"3":[0],"4":[0,0],"5":[0,0],"6":[0]}}
,"D:\\Workspace\\byb-test\\src\\routes\\api.ts": {"path":"D:\\Workspace\\byb-test\\src\\routes\\api.ts","statementMap":{"0":{"start":{"line":1,"column":0},"end":{"line":1,"column":30}},"1":{"start":{"line":2,"column":0},"end":{"line":2,"column":71}},"2":{"start":{"line":3,"column":0},"end":{"line":3,"column":64}},"3":{"start":{"line":5,"column":15},"end":{"line":5,"column":31}},"4":{"start":{"line":14,"column":0},"end":{"line":14,"column":74}},"5":{"start":{"line":22,"column":0},"end":{"line":22,"column":93}},"6":{"start":{"line":24,"column":0},"end":{"line":24,"column":22}}},"fnMap":{},"branchMap":{},"s":{"0":0,"1":0,"2":0,"3":0,"4":0,"5":0,"6":0},"f":{},"b":{}}
,"D:\\Workspace\\byb-test\\src\\services\\fileService.ts": {"path":"D:\\Workspace\\byb-test\\src\\services\\fileService.ts","statementMap":{"0":{"start":{"line":2,"column":0},"end":{"line":2,"column":24}},"1":{"start":{"line":10,"column":4},"end":{"line":10,"column":97}},"2":{"start":{"line":18,"column":4},"end":{"line":36,"column":5}},"3":{"start":{"line":23,"column":23},"end":{"line":23,"column":65}},"4":{"start":{"line":26,"column":23},"end":{"line":26,"column":63}},"5":{"start":{"line":32,"column":6},"end":{"line":32,"column":22}},"6":{"start":{"line":34,"column":6},"end":{"line":34,"column":55}},"7":{"start":{"line":35,"column":6},"end":{"line":35,"column":18}},"8":{"start":{"line":44,"column":4},"end":{"line":67,"column":5}},"9":{"start":{"line":50,"column":28},"end":{"line":50,"column":32}},"10":{"start":{"line":52,"column":6},"end":{"line":54,"column":7}},"11":{"start":{"line":53,"column":8},"end":{"line":53,"column":20}},"12":{"start":{"line":60,"column":6},"end":{"line":60,"column":18}},"13":{"start":{"line":65,"column":6},"end":{"line":65,"column":52}},"14":{"start":{"line":66,"column":6},"end":{"line":66,"column":18}},"15":{"start":{"line":81,"column":4},"end":{"line":81,"column":67}},"16":{"start":{"line":84,"column":4},"end":{"line":84,"column":28}},"17":{"start":{"line":5,"column":0},"end":{"line":5,"column":13}},"18":{"start":{"line":88,"column":13},"end":{"line":88,"column":45}}},"fnMap":{"0":{"name":"(anonymous_1)","decl":{"start":{"line":8,"column":2},"end":{"line":8,"column":null}},"loc":{"start":{"line":8,"column":2},"end":{"line":11,"column":3}}},"1":{"name":"(anonymous_2)","decl":{"start":{"line":17,"column":9},"end":{"line":17,"column":14}},"loc":{"start":{"line":17,"column":53},"end":{"line":37,"column":3}}},"2":{"name":"(anonymous_3)","decl":{"start":{"line":43,"column":9},"end":{"line":43,"column":14}},"loc":{"start":{"line":43,"column":42},"end":{"line":68,"column":3}}},"3":{"name":"(anonymous_4)","decl":{"start":{"line":74,"column":9},"end":{"line":74,"column":14}},"loc":{"start":{"line":77,"column":21},"end":{"line":85,"column":3}}}},"branchMap":{"0":{"loc":{"start":{"line":10,"column":26},"end":{"line":10,"column":96}},"type":"binary-expr","locations":[{"start":{"line":10,"column":26},"end":{"line":10,"column":52}},{"start":{"line":10,"column":56},"end":{"line":10,"column":96}}]},"1":{"loc":{"start":{"line":52,"column":6},"end":{"line":54,"column":7}},"type":"if","locations":[{"start":{"line":52,"column":6},"end":{"line":54,"column":7}}]}},"s":{"0":0,"1":0,"2":0,"3":0,"4":0,"5":0,"6":0,"7":0,"8":0,"9":0,"10":0,"11":0,"12":0,"13":0,"14":0,"15":0,"16":0,"17":0,"18":0},"f":{"0":0,"1":0,"2":0,"3":0},"b":{"0":[0,0],"1":[0]}}
,"D:\\Workspace\\byb-test\\src\\services\\tokenService.ts": {"path":"D:\\Workspace\\byb-test\\src\\services\\tokenService.ts","statementMap":{"0":{"start":{"line":1,"column":0},"end":{"line":1,"column":31}},"1":{"start":{"line":2,"column":0},"end":{"line":2,"column":62}},"2":{"start":{"line":19,"column":4},"end":{"line":19,"column":81}},"3":{"start":{"line":20,"column":4},"end":{"line":20,"column":83}},"4":{"start":{"line":27,"column":4},"end":{"line":61,"column":5}},"5":{"start":{"line":29,"column":20},"end":{"line":29,"column":51}},"6":{"start":{"line":30,"column":6},"end":{"line":32,"column":7}},"7":{"start":{"line":31,"column":8},"end":{"line":31,"column":49}},"8":{"start":{"line":35,"column":24},"end":{"line":35,"column":34}},"9":{"start":{"line":36,"column":6},"end":{"line":36,"column":73}},"10":{"start":{"line":39,"column":28},"end":{"line":46,"column":8}},"11":{"start":{"line":49,"column":36},"end":{"line":55,"column":8}},"12":{"start":{"line":57,"column":6},"end":{"line":57,"column":48}},"13":{"start":{"line":59,"column":6},"end":{"line":59,"column":61}},"14":{"start":{"line":60,"column":6},"end":{"line":60,"column":18}},"15":{"start":{"line":75,"column":4},"end":{"line":119,"column":5}},"16":{"start":{"line":77,"column":22},"end":{"line":77,"column":72}},"17":{"start":{"line":80,"column":28},"end":{"line":80,"column":71}},"18":{"start":{"line":83,"column":6},"end":{"line":85,"column":7}},"19":{"start":{"line":84,"column":8},"end":{"line":84,"column":74}},"20":{"start":{"line":88,"column":6},"end":{"line":90,"column":7}},"21":{"start":{"line":89,"column":8},"end":{"line":89,"column":77}},"22":{"start":{"line":93,"column":6},"end":{"line":95,"column":7}},"23":{"start":{"line":94,"column":8},"end":{"line":94,"column":87}},"24":{"start":{"line":98,"column":22},"end":{"line":98,"column":65}},"25":{"start":{"line":99,"column":6},"end":{"line":101,"column":7}},"26":{"start":{"line":100,"column":8},"end":{"line":100,"column":69}},"27":{"start":{"line":104,"column":6},"end":{"line":104,"column":60}},"28":{"start":{"line":106,"column":6},"end":{"line":106,"column":40}},"29":{"start":{"line":108,"column":6},"end":{"line":115,"column":7}},"30":{"start":{"line":110,"column":8},"end":{"line":114,"column":9}},"31":{"start":{"line":111,"column":10},"end":{"line":111,"column":76}},"32":{"start":{"line":112,"column":15},"end":{"line":114,"column":9}},"33":{"start":{"line":113,"column":10},"end":{"line":113,"column":79}},"34":{"start":{"line":117,"column":6},"end":{"line":117,"column":54}},"35":{"start":{"line":118,"column":6},"end":{"line":118,"column":83}},"36":{"start":{"line":127,"column":20},"end":{"line":127,"column":67}},"37":{"start":{"line":128,"column":4},"end":{"line":128,"column":46}},"38":{"start":{"line":13,"column":0},"end":{"line":13,"column":13}},"39":{"start":{"line":132,"column":13},"end":{"line":132,"column":47}}},"fnMap":{"0":{"name":"(anonymous_1)","decl":{"start":{"line":17,"column":2},"end":{"line":17,"column":null}},"loc":{"start":{"line":17,"column":2},"end":{"line":21,"column":3}}},"1":{"name":"(anonymous_2)","decl":{"start":{"line":26,"column":9},"end":{"line":26,"column":14}},"loc":{"start":{"line":26,"column":68},"end":{"line":62,"column":3}}},"2":{"name":"(anonymous_3)","decl":{"start":{"line":67,"column":9},"end":{"line":67,"column":14}},"loc":{"start":{"line":69,"column":22},"end":{"line":120,"column":3}}},"3":{"name":"(anonymous_4)","decl":{"start":{"line":125,"column":9},"end":{"line":125,"column":23}},"loc":{"start":{"line":125,"column":37},"end":{"line":129,"column":3}}}},"branchMap":{"0":{"loc":{"start":{"line":19,"column":22},"end":{"line":19,"column":80}},"type":"binary-expr","locations":[{"start":{"line":19,"column":22},"end":{"line":19,"column":44}},{"start":{"line":19,"column":48},"end":{"line":19,"column":80}}]},"1":{"loc":{"start":{"line":20,"column":39},"end":{"line":20,"column":77}},"type":"binary-expr","locations":[{"start":{"line":20,"column":39},"end":{"line":20,"column":69}},{"start":{"line":20,"column":73},"end":{"line":20,"column":77}}]},"2":{"loc":{"start":{"line":30,"column":6},"end":{"line":32,"column":7}},"type":"if","locations":[{"start":{"line":30,"column":6},"end":{"line":32,"column":7}}]},"3":{"loc":{"start":{"line":30,"column":10},"end":{"line":30,"column":48}},"type":"binary-expr","locations":[{"start":{"line":30,"column":10},"end":{"line":30,"column":16}},{"start":{"line":30,"column":20},"end":{"line":30,"column":48}}]},"4":{"loc":{"start":{"line":83,"column":6},"end":{"line":85,"column":7}},"type":"if","locations":[{"start":{"line":83,"column":6},"end":{"line":85,"column":7}}]},"5":{"loc":{"start":{"line":88,"column":6},"end":{"line":90,"column":7}},"type":"if","locations":[{"start":{"line":88,"column":6},"end":{"line":90,"column":7}}]},"6":{"loc":{"start":{"line":93,"column":6},"end":{"line":95,"column":7}},"type":"if","locations":[{"start":{"line":93,"column":6},"end":{"line":95,"column":7}}]},"7":{"loc":{"start":{"line":99,"column":6},"end":{"line":101,"column":7}},"type":"if","locations":[{"start":{"line":99,"column":6},"end":{"line":101,"column":7}}]},"8":{"loc":{"start":{"line":108,"column":6},"end":{"line":115,"column":7}},"type":"if","locations":[{"start":{"line":108,"column":6},"end":{"line":115,"column":7}}]},"9":{"loc":{"start":{"line":110,"column":8},"end":{"line":114,"column":9}},"type":"if","locations":[{"start":{"line":110,"column":8},"end":{"line":114,"column":9}},{"start":{"line":112,"column":15},"end":{"line":114,"column":9}}]},"10":{"loc":{"start":{"line":112,"column":15},"end":{"line":114,"column":9}},"type":"if","locations":[{"start":{"line":112,"column":15},"end":{"line":114,"column":9}}]},"11":{"loc":{"start":{"line":127,"column":20},"end":{"line":127,"column":67}},"type":"binary-expr","locations":[{"start":{"line":127,"column":20},"end":{"line":127,"column":40}},{"start":{"line":127,"column":44},"end":{"line":127,"column":67}}]}},"s":{"0":1,"1":1,"2":7,"3":7,"4":3,"5":3,"6":3,"7":2,"8":1,"9":1,"10":1,"11":1,"12":1,"13":2,"14":2,"15":3,"16":3,"17":2,"18":2,"19":0,"20":2,"21":0,"22":2,"23":1,"24":1,"25":1,"26":0,"27":1,"28":1,"29":1,"30":1,"31":0,"32":1,"33":1,"34":0,"35":0,"36":0,"37":0,"38":1,"39":1},"f":{"0":7,"1":3,"2":3,"3":0},"b":{"0":[7,7],"1":[7,7],"2":[2],"3":[3,2],"4":[0],"5":[0],"6":[1],"7":[0],"8":[1],"9":[0,1],"10":[1],"11":[0,0]}}
}
