TN:
SF:src\controllers\downloadController.ts
FN:10,(anonymous_0)
FN:42,(anonymous_1)
FNF:2
FNH:2
FNDA:3,(anonymous_0)
FNDA:3,(anonymous_1)
DA:2,1
DA:3,1
DA:4,1
DA:6,1
DA:11,3
DA:12,3
DA:15,3
DA:16,1
DA:17,1
DA:21,2
DA:23,2
DA:24,1
DA:25,1
DA:29,1
DA:32,1
DA:34,0
DA:35,0
DA:43,3
DA:44,3
DA:45,3
DA:48,3
DA:50,3
DA:51,1
DA:52,1
DA:56,2
DA:59,2
DA:61,2
DA:62,1
DA:63,1
DA:70,1
DA:71,1
DA:78,1
DA:88,1
DA:89,1
DA:94,1
LF:35
LH:33
BRDA:15,0,0,1
BRDA:15,1,0,3
BRDA:15,1,1,2
BRDA:23,2,0,1
BRDA:50,3,0,1
BRDA:50,4,0,3
BRDA:50,4,1,2
BRDA:51,5,0,1
BRDA:51,5,1,0
BRDA:61,6,0,1
BRF:10
BRH:9
end_of_record
TN:
SF:src\middlewares\auth.ts
FN:18,(anonymous_0)
FN:52,(anonymous_1)
FNF:2
FNH:0
FNDA:0,(anonymous_0)
FNDA:0,(anonymous_1)
DA:18,0
DA:19,0
DA:21,0
DA:23,0
DA:25,0
DA:26,0
DA:27,0
DA:31,0
DA:37,0
DA:42,0
DA:44,0
DA:45,0
DA:52,0
DA:53,0
DA:55,0
DA:58,0
DA:62,0
DA:64,0
DA:66,0
DA:67,0
LF:20
LH:0
BRDA:25,0,0,0
BRDA:25,1,0,0
BRDA:25,1,1,0
BRF:3
BRH:0
end_of_record
TN:
SF:src\models\index.ts
FN:40,(anonymous_0)
FN:47,(anonymous_1)
FN:52,(anonymous_2)
FN:57,(anonymous_3)
FN:61,(anonymous_4)
FN:71,(anonymous_5)
FN:78,(anonymous_6)
FN:82,(anonymous_7)
FN:98,(anonymous_8)
FNF:9
FNH:0
FNDA:0,(anonymous_0)
FNDA:0,(anonymous_1)
FNDA:0,(anonymous_2)
FNDA:0,(anonymous_3)
FNDA:0,(anonymous_4)
FNDA:0,(anonymous_5)
FNDA:0,(anonymous_6)
FNDA:0,(anonymous_7)
FNDA:0,(anonymous_8)
DA:40,0
DA:41,0
DA:42,0
DA:43,0
DA:44,0
DA:48,0
DA:53,0
DA:58,0
DA:62,0
DA:63,0
DA:64,0
DA:67,0
DA:72,0
DA:73,0
DA:74,0
DA:75,0
DA:79,0
DA:83,0
DA:84,0
DA:86,0
DA:93,0
DA:94,0
DA:100,0
DA:109,0
DA:118,0
DA:128,0
DA:129,0
LF:27
LH:0
BRDA:48,0,0,0
BRDA:48,0,1,0
BRDA:53,1,0,0
BRDA:53,1,1,0
BRDA:58,2,0,0
BRDA:58,2,1,0
BRDA:63,3,0,0
BRDA:63,4,0,0
BRDA:63,4,1,0
BRDA:79,5,0,0
BRDA:79,5,1,0
BRDA:84,6,0,0
BRF:12
BRH:0
end_of_record
TN:
SF:src\routes\api.ts
FNF:0
FNH:0
DA:1,0
DA:2,0
DA:3,0
DA:5,0
DA:14,0
DA:22,0
DA:24,0
LF:7
LH:0
BRF:0
BRH:0
end_of_record
TN:
SF:src\services\fileService.ts
FN:8,(anonymous_1)
FN:17,(anonymous_2)
FN:43,(anonymous_3)
FN:74,(anonymous_4)
FNF:4
FNH:0
FNDA:0,(anonymous_1)
FNDA:0,(anonymous_2)
FNDA:0,(anonymous_3)
FNDA:0,(anonymous_4)
DA:2,0
DA:5,0
DA:10,0
DA:18,0
DA:23,0
DA:26,0
DA:32,0
DA:34,0
DA:35,0
DA:44,0
DA:50,0
DA:52,0
DA:53,0
DA:60,0
DA:65,0
DA:66,0
DA:81,0
DA:84,0
DA:88,0
LF:19
LH:0
BRDA:10,0,0,0
BRDA:10,0,1,0
BRDA:52,1,0,0
BRF:3
BRH:0
end_of_record
TN:
SF:src\services\tokenService.ts
FN:17,(anonymous_1)
FN:26,(anonymous_2)
FN:67,(anonymous_3)
FN:125,(anonymous_4)
FNF:4
FNH:3
FNDA:7,(anonymous_1)
FNDA:3,(anonymous_2)
FNDA:3,(anonymous_3)
FNDA:0,(anonymous_4)
DA:1,1
DA:2,1
DA:13,1
DA:19,7
DA:20,7
DA:27,3
DA:29,3
DA:30,3
DA:31,2
DA:35,1
DA:36,1
DA:39,1
DA:49,1
DA:57,1
DA:59,2
DA:60,2
DA:75,3
DA:77,3
DA:80,2
DA:83,2
DA:84,0
DA:88,2
DA:89,0
DA:93,2
DA:94,1
DA:98,1
DA:99,1
DA:100,0
DA:104,1
DA:106,1
DA:108,1
DA:110,1
DA:111,0
DA:112,1
DA:113,1
DA:117,0
DA:118,0
DA:127,0
DA:128,0
DA:132,1
LF:40
LH:32
BRDA:19,0,0,7
BRDA:19,0,1,7
BRDA:20,1,0,7
BRDA:20,1,1,7
BRDA:30,2,0,2
BRDA:30,3,0,3
BRDA:30,3,1,2
BRDA:83,4,0,0
BRDA:88,5,0,0
BRDA:93,6,0,1
BRDA:99,7,0,0
BRDA:108,8,0,1
BRDA:110,9,0,0
BRDA:110,9,1,1
BRDA:112,10,0,1
BRDA:127,11,0,0
BRDA:127,11,1,0
BRF:17
BRH:11
end_of_record
